<?xml version="1.0" encoding="UTF-8"?>
<testng-results ignored="0" total="6" passed="6" failed="0" skipped="0">
  <reporter-output>
  </reporter-output>
  <suite started-at="2022-06-12T19:56:14 IST" name="Payment" finished-at="2022-06-12T19:56:14 IST" duration-ms="109">
    <groups>
    </groups>
    <test started-at="2022-06-12T19:56:14 IST" name="NetBanking" finished-at="2022-06-12T19:56:14 IST" duration-ms="43">
      <class name="demo1.ClassThree">
        <test-method signature="testThree()[pri:0, instance:demo1.ClassThree@c267ef4]" started-at="2022-06-12T19:56:14 IST" name="testThree" finished-at="2022-06-12T19:56:14 IST" duration-ms="1" status="PASS">
          <reporter-output>
          </reporter-output>
        </test-method> <!-- testThree -->
      </class> <!-- demo1.ClassThree -->
      <class name="demoPkg.ClassFour">
        <test-method signature="testFour()[pri:0, instance:demoPkg.ClassFour@7880cdf3]" started-at="2022-06-12T19:56:14 IST" name="testFour" finished-at="2022-06-12T19:56:14 IST" duration-ms="4" status="PASS">
          <reporter-output>
          </reporter-output>
        </test-method> <!-- testFour -->
      </class> <!-- demoPkg.ClassFour -->
      <class name="demo1.ClassFive">
        <test-method is-config="true" signature="testn()[pri:0, instance:demo1.ClassFive@21de60b4]" started-at="2022-06-12T19:56:14 IST" name="testn" finished-at="2022-06-12T19:56:14 IST" duration-ms="6" status="PASS">
          <reporter-output>
          </reporter-output>
        </test-method> <!-- testn -->
        <test-method signature="testFive()[pri:0, instance:demo1.ClassFive@21de60b4]" started-at="2022-06-12T19:56:14 IST" name="testFive" finished-at="2022-06-12T19:56:14 IST" duration-ms="1" status="PASS">
          <reporter-output>
          </reporter-output>
        </test-method> <!-- testFive -->
        <test-method is-config="true" signature="testm()[pri:0, instance:demo1.ClassFive@21de60b4]" started-at="2022-06-12T19:56:14 IST" name="testm" finished-at="2022-06-12T19:56:14 IST" duration-ms="0" status="PASS">
          <reporter-output>
          </reporter-output>
        </test-method> <!-- testm -->
      </class> <!-- demo1.ClassFive -->
      <class name="demoPkg.ClassOne">
        <test-method signature="testOne()[pri:0, instance:demoPkg.ClassOne@30ee2816]" started-at="2022-06-12T19:56:14 IST" name="testOne" finished-at="2022-06-12T19:56:14 IST" duration-ms="1" status="PASS">
          <reporter-output>
          </reporter-output>
        </test-method> <!-- testOne -->
      </class> <!-- demoPkg.ClassOne -->
    </test> <!-- NetBanking -->
    <test started-at="2022-06-12T19:56:14 IST" name="Cridit/Debitcard" finished-at="2022-06-12T19:56:14 IST" duration-ms="4">
      <class name="demo1.ClassSix">
        <test-method signature="testSix()[pri:0, instance:demo1.ClassSix@f5ac9e4]" started-at="2022-06-12T19:56:14 IST" name="testSix" finished-at="2022-06-12T19:56:14 IST" duration-ms="1" status="PASS">
          <reporter-output>
          </reporter-output>
        </test-method> <!-- testSix -->
      </class> <!-- demo1.ClassSix -->
      <class name="demoPkg.ClassTwo">
        <test-method signature="testTwo()[pri:0, instance:demoPkg.ClassTwo@59fd97a8]" started-at="2022-06-12T19:56:14 IST" name="testTwo" finished-at="2022-06-12T19:56:14 IST" duration-ms="1" status="PASS">
          <reporter-output>
          </reporter-output>
        </test-method> <!-- testTwo -->
      </class> <!-- demoPkg.ClassTwo -->
    </test> <!-- Cridit/Debitcard -->
  </suite> <!-- Payment -->
</testng-results>
