<?xml version="1.0" encoding="UTF-8"?>
<!-- Generated by org.testng.reporters.JUnitXMLReporter -->
<testsuite ignored="0" hostname="LAPTOP-KU908457" failures="0" tests="4" name="NetBanking" time="0.043" errors="0" timestamp="2022-06-12T19:56:14 IST">
  <testcase classname="demoPkg.ClassFour" name="testFour" time="0.004"/>
  <testcase classname="demo1.ClassFive" name="testFive" time="0.001"/>
  <testcase classname="demo1.ClassThree" name="testThree" time="0.001"/>
  <testcase classname="demoPkg.ClassOne" name="testOne" time="0.001"/>
</testsuite> <!-- NetBanking -->
