<?xml version="1.0" encoding="UTF-8"?>
<!-- Generated by org.testng.reporters.JUnitXMLReporter -->
<testsuite ignored="0" hostname="LAPTOP-KU908457" failures="0" tests="6" name="Test" time="0.05" errors="0" timestamp="2022-06-12T19:39:10 IST">
  <testcase classname="demoPkg.ClassTwo" name="testTwo" time="0.008"/>
  <testcase classname="demo1.ClassSix" name="testSix" time="0.002"/>
  <testcase classname="demoPkg.ClassFour" name="testFour" time="0.001"/>
  <testcase classname="demo1.ClassFive" name="testFive" time="0.0"/>
  <testcase classname="demo1.ClassThree" name="testThree" time="0.0"/>
  <testcase classname="demoPkg.ClassOne" name="testOne" time="0.001"/>
</testsuite> <!-- Test -->
